2016-06-22 09:28:59,119 - Log4JLogChute initialized using file 'velocity.log'
2016-06-22 09:28:59,119 - Initializing Velocity, Calling init()...
2016-06-22 09:28:59,119 - Starting Apache Velocity v1.7 (compiled: 2010-11-19 12:14:37)
2016-06-22 09:28:59,119 - Default Properties File: org\apache\velocity\runtime\defaults\velocity.properties
2016-06-22 09:28:59,119 - Trying to use logger class org.apache.velocity.runtime.log.AvalonLogChute
2016-06-22 09:28:59,119 - Target log system for org.apache.velocity.runtime.log.AvalonLogChute is not available (java.lang.NoClassDefFoundError: org/apache/log/format/Formatter).  Falling back to next log system...
2016-06-22 09:28:59,119 - Trying to use logger class org.apache.velocity.runtime.log.Log4JLogChute
2016-06-22 09:28:59,120 - Using logger class org.apache.velocity.runtime.log.Log4JLogChute
2016-06-22 09:28:59,123 - ResourceLoader instantiated: org.apache.velocity.runtime.resource.loader.ClasspathResourceLoader
2016-06-22 09:28:59,132 - ResourceCache: initialized (class org.apache.velocity.runtime.resource.ResourceCacheImpl) with class java.util.Collections$SynchronizedMap cache map.
2016-06-22 09:28:59,133 - Loaded System Directive: org.apache.velocity.runtime.directive.Stop
2016-06-22 09:28:59,134 - Loaded System Directive: org.apache.velocity.runtime.directive.Define
2016-06-22 09:28:59,135 - Loaded System Directive: org.apache.velocity.runtime.directive.Break
2016-06-22 09:28:59,135 - Loaded System Directive: org.apache.velocity.runtime.directive.Evaluate
2016-06-22 09:28:59,136 - Loaded System Directive: org.apache.velocity.runtime.directive.Literal
2016-06-22 09:28:59,137 - Loaded System Directive: org.apache.velocity.runtime.directive.Macro
2016-06-22 09:28:59,138 - Loaded System Directive: org.apache.velocity.runtime.directive.Parse
2016-06-22 09:28:59,139 - Loaded System Directive: org.apache.velocity.runtime.directive.Include
2016-06-22 09:28:59,140 - Loaded System Directive: org.apache.velocity.runtime.directive.Foreach
2016-06-22 09:28:59,162 - Created '20' parsers.
2016-06-22 09:28:59,166 - Velocimacro : "velocimacro.library" is not set.  Trying default library: VM_global_library.vm
2016-06-22 09:28:59,166 - Could not load resource 'VM_global_library.vm' from ResourceLoader org.apache.velocity.runtime.resource.loader.ClasspathResourceLoader: ClasspathResourceLoader Error: cannot find resource VM_global_library.vm
2016-06-22 09:28:59,166 - Velocimacro : Default library not found.
2016-06-22 09:28:59,167 - Velocimacro : allowInline = true : VMs can be defined inline in templates
2016-06-22 09:28:59,167 - Velocimacro : allowInlineToOverride = false : VMs defined inline may NOT replace previous VM definitions
2016-06-22 09:28:59,167 - Velocimacro : allowInlineLocal = false : VMs defined inline will be global in scope if allowed.
2016-06-22 09:28:59,167 - Velocimacro : autoload off : VM system will not automatically reload global library macros
2016-06-22 09:28:59,183 - ResourceManager : found templates/AnnotationDatabaseImpl.vm with loader org.apache.velocity.runtime.resource.loader.ClasspathResourceLoader
2016-06-22 09:32:17,957 - Log4JLogChute initialized using file 'velocity.log'
2016-06-22 09:32:17,957 - Initializing Velocity, Calling init()...
2016-06-22 09:32:17,957 - Starting Apache Velocity v1.7 (compiled: 2010-11-19 12:14:37)
2016-06-22 09:32:17,957 - Default Properties File: org\apache\velocity\runtime\defaults\velocity.properties
2016-06-22 09:32:17,957 - Trying to use logger class org.apache.velocity.runtime.log.AvalonLogChute
2016-06-22 09:32:17,957 - Target log system for org.apache.velocity.runtime.log.AvalonLogChute is not available (java.lang.NoClassDefFoundError: org/apache/log/format/Formatter).  Falling back to next log system...
2016-06-22 09:32:17,957 - Trying to use logger class org.apache.velocity.runtime.log.Log4JLogChute
2016-06-22 09:32:17,958 - Using logger class org.apache.velocity.runtime.log.Log4JLogChute
2016-06-22 09:32:17,961 - ResourceLoader instantiated: org.apache.velocity.runtime.resource.loader.ClasspathResourceLoader
2016-06-22 09:32:17,969 - ResourceCache: initialized (class org.apache.velocity.runtime.resource.ResourceCacheImpl) with class java.util.Collections$SynchronizedMap cache map.
2016-06-22 09:32:17,970 - Loaded System Directive: org.apache.velocity.runtime.directive.Stop
2016-06-22 09:32:17,971 - Loaded System Directive: org.apache.velocity.runtime.directive.Define
2016-06-22 09:32:17,972 - Loaded System Directive: org.apache.velocity.runtime.directive.Break
2016-06-22 09:32:17,972 - Loaded System Directive: org.apache.velocity.runtime.directive.Evaluate
2016-06-22 09:32:17,973 - Loaded System Directive: org.apache.velocity.runtime.directive.Literal
2016-06-22 09:32:17,974 - Loaded System Directive: org.apache.velocity.runtime.directive.Macro
2016-06-22 09:32:17,975 - Loaded System Directive: org.apache.velocity.runtime.directive.Parse
2016-06-22 09:32:17,976 - Loaded System Directive: org.apache.velocity.runtime.directive.Include
2016-06-22 09:32:17,977 - Loaded System Directive: org.apache.velocity.runtime.directive.Foreach
2016-06-22 09:32:17,998 - Created '20' parsers.
2016-06-22 09:32:18,002 - Velocimacro : "velocimacro.library" is not set.  Trying default library: VM_global_library.vm
2016-06-22 09:32:18,003 - Could not load resource 'VM_global_library.vm' from ResourceLoader org.apache.velocity.runtime.resource.loader.ClasspathResourceLoader: ClasspathResourceLoader Error: cannot find resource VM_global_library.vm
2016-06-22 09:32:18,003 - Velocimacro : Default library not found.
2016-06-22 09:32:18,003 - Velocimacro : allowInline = true : VMs can be defined inline in templates
2016-06-22 09:32:18,003 - Velocimacro : allowInlineToOverride = false : VMs defined inline may NOT replace previous VM definitions
2016-06-22 09:32:18,003 - Velocimacro : allowInlineLocal = false : VMs defined inline will be global in scope if allowed.
2016-06-22 09:32:18,003 - Velocimacro : autoload off : VM system will not automatically reload global library macros
2016-06-22 09:32:18,018 - ResourceManager : found templates/AnnotationDatabaseImpl.vm with loader org.apache.velocity.runtime.resource.loader.ClasspathResourceLoader
2016-06-22 09:33:34,407 - Log4JLogChute initialized using file 'velocity.log'
2016-06-22 09:33:34,407 - Initializing Velocity, Calling init()...
2016-06-22 09:33:34,407 - Starting Apache Velocity v1.7 (compiled: 2010-11-19 12:14:37)
2016-06-22 09:33:34,407 - Default Properties File: org\apache\velocity\runtime\defaults\velocity.properties
2016-06-22 09:33:34,407 - Trying to use logger class org.apache.velocity.runtime.log.AvalonLogChute
2016-06-22 09:33:34,407 - Target log system for org.apache.velocity.runtime.log.AvalonLogChute is not available (java.lang.NoClassDefFoundError: org/apache/log/format/Formatter).  Falling back to next log system...
2016-06-22 09:33:34,407 - Trying to use logger class org.apache.velocity.runtime.log.Log4JLogChute
2016-06-22 09:33:34,407 - Using logger class org.apache.velocity.runtime.log.Log4JLogChute
2016-06-22 09:33:34,410 - ResourceLoader instantiated: org.apache.velocity.runtime.resource.loader.ClasspathResourceLoader
2016-06-22 09:33:34,419 - ResourceCache: initialized (class org.apache.velocity.runtime.resource.ResourceCacheImpl) with class java.util.Collections$SynchronizedMap cache map.
2016-06-22 09:33:34,420 - Loaded System Directive: org.apache.velocity.runtime.directive.Stop
2016-06-22 09:33:34,421 - Loaded System Directive: org.apache.velocity.runtime.directive.Define
2016-06-22 09:33:34,421 - Loaded System Directive: org.apache.velocity.runtime.directive.Break
2016-06-22 09:33:34,422 - Loaded System Directive: org.apache.velocity.runtime.directive.Evaluate
2016-06-22 09:33:34,423 - Loaded System Directive: org.apache.velocity.runtime.directive.Literal
2016-06-22 09:33:34,424 - Loaded System Directive: org.apache.velocity.runtime.directive.Macro
2016-06-22 09:33:34,424 - Loaded System Directive: org.apache.velocity.runtime.directive.Parse
2016-06-22 09:33:34,425 - Loaded System Directive: org.apache.velocity.runtime.directive.Include
2016-06-22 09:33:34,426 - Loaded System Directive: org.apache.velocity.runtime.directive.Foreach
2016-06-22 09:33:34,448 - Created '20' parsers.
2016-06-22 09:33:34,452 - Velocimacro : "velocimacro.library" is not set.  Trying default library: VM_global_library.vm
2016-06-22 09:33:34,452 - Could not load resource 'VM_global_library.vm' from ResourceLoader org.apache.velocity.runtime.resource.loader.ClasspathResourceLoader: ClasspathResourceLoader Error: cannot find resource VM_global_library.vm
2016-06-22 09:33:34,452 - Velocimacro : Default library not found.
2016-06-22 09:33:34,452 - Velocimacro : allowInline = true : VMs can be defined inline in templates
2016-06-22 09:33:34,453 - Velocimacro : allowInlineToOverride = false : VMs defined inline may NOT replace previous VM definitions
2016-06-22 09:33:34,453 - Velocimacro : allowInlineLocal = false : VMs defined inline will be global in scope if allowed.
2016-06-22 09:33:34,453 - Velocimacro : autoload off : VM system will not automatically reload global library macros
2016-06-22 09:33:34,468 - ResourceManager : found templates/AnnotationDatabaseImpl.vm with loader org.apache.velocity.runtime.resource.loader.ClasspathResourceLoader
2016-06-22 09:40:39,374 - Log4JLogChute initialized using file 'velocity.log'
2016-06-22 09:40:39,375 - Initializing Velocity, Calling init()...
2016-06-22 09:40:39,375 - Starting Apache Velocity v1.7 (compiled: 2010-11-19 12:14:37)
2016-06-22 09:40:39,375 - Default Properties File: org\apache\velocity\runtime\defaults\velocity.properties
2016-06-22 09:40:39,375 - Trying to use logger class org.apache.velocity.runtime.log.AvalonLogChute
2016-06-22 09:40:39,375 - Target log system for org.apache.velocity.runtime.log.AvalonLogChute is not available (java.lang.NoClassDefFoundError: org/apache/log/format/Formatter).  Falling back to next log system...
2016-06-22 09:40:39,375 - Trying to use logger class org.apache.velocity.runtime.log.Log4JLogChute
2016-06-22 09:40:39,375 - Using logger class org.apache.velocity.runtime.log.Log4JLogChute
2016-06-22 09:40:39,379 - ResourceLoader instantiated: org.apache.velocity.runtime.resource.loader.ClasspathResourceLoader
2016-06-22 09:40:39,390 - ResourceCache: initialized (class org.apache.velocity.runtime.resource.ResourceCacheImpl) with class java.util.Collections$SynchronizedMap cache map.
2016-06-22 09:40:39,392 - Loaded System Directive: org.apache.velocity.runtime.directive.Stop
2016-06-22 09:40:39,393 - Loaded System Directive: org.apache.velocity.runtime.directive.Define
2016-06-22 09:40:39,393 - Loaded System Directive: org.apache.velocity.runtime.directive.Break
2016-06-22 09:40:39,394 - Loaded System Directive: org.apache.velocity.runtime.directive.Evaluate
2016-06-22 09:40:39,395 - Loaded System Directive: org.apache.velocity.runtime.directive.Literal
2016-06-22 09:40:39,396 - Loaded System Directive: org.apache.velocity.runtime.directive.Macro
2016-06-22 09:40:39,397 - Loaded System Directive: org.apache.velocity.runtime.directive.Parse
2016-06-22 09:40:39,398 - Loaded System Directive: org.apache.velocity.runtime.directive.Include
2016-06-22 09:40:39,399 - Loaded System Directive: org.apache.velocity.runtime.directive.Foreach
2016-06-22 09:40:39,421 - Created '20' parsers.
2016-06-22 09:40:39,425 - Velocimacro : "velocimacro.library" is not set.  Trying default library: VM_global_library.vm
2016-06-22 09:40:39,425 - Could not load resource 'VM_global_library.vm' from ResourceLoader org.apache.velocity.runtime.resource.loader.ClasspathResourceLoader: ClasspathResourceLoader Error: cannot find resource VM_global_library.vm
2016-06-22 09:40:39,425 - Velocimacro : Default library not found.
2016-06-22 09:40:39,425 - Velocimacro : allowInline = true : VMs can be defined inline in templates
2016-06-22 09:40:39,425 - Velocimacro : allowInlineToOverride = false : VMs defined inline may NOT replace previous VM definitions
2016-06-22 09:40:39,425 - Velocimacro : allowInlineLocal = false : VMs defined inline will be global in scope if allowed.
2016-06-22 09:40:39,425 - Velocimacro : autoload off : VM system will not automatically reload global library macros
2016-06-22 09:40:39,441 - ResourceManager : found templates/AnnotationDatabaseImpl.vm with loader org.apache.velocity.runtime.resource.loader.ClasspathResourceLoader
2016-06-22 10:47:18,602 - Log4JLogChute initialized using file 'velocity.log'
2016-06-22 10:47:18,602 - Initializing Velocity, Calling init()...
2016-06-22 10:47:18,602 - Starting Apache Velocity v1.7 (compiled: 2010-11-19 12:14:37)
2016-06-22 10:47:18,602 - Default Properties File: org\apache\velocity\runtime\defaults\velocity.properties
2016-06-22 10:47:18,602 - Trying to use logger class org.apache.velocity.runtime.log.AvalonLogChute
2016-06-22 10:47:18,602 - Target log system for org.apache.velocity.runtime.log.AvalonLogChute is not available (java.lang.NoClassDefFoundError: org/apache/log/format/Formatter).  Falling back to next log system...
2016-06-22 10:47:18,602 - Trying to use logger class org.apache.velocity.runtime.log.Log4JLogChute
2016-06-22 10:47:18,602 - Using logger class org.apache.velocity.runtime.log.Log4JLogChute
2016-06-22 10:47:18,606 - ResourceLoader instantiated: org.apache.velocity.runtime.resource.loader.ClasspathResourceLoader
2016-06-22 10:47:18,614 - ResourceCache: initialized (class org.apache.velocity.runtime.resource.ResourceCacheImpl) with class java.util.Collections$SynchronizedMap cache map.
2016-06-22 10:47:18,616 - Loaded System Directive: org.apache.velocity.runtime.directive.Stop
2016-06-22 10:47:18,617 - Loaded System Directive: org.apache.velocity.runtime.directive.Define
2016-06-22 10:47:18,617 - Loaded System Directive: org.apache.velocity.runtime.directive.Break
2016-06-22 10:47:18,618 - Loaded System Directive: org.apache.velocity.runtime.directive.Evaluate
2016-06-22 10:47:18,618 - Loaded System Directive: org.apache.velocity.runtime.directive.Literal
2016-06-22 10:47:18,619 - Loaded System Directive: org.apache.velocity.runtime.directive.Macro
2016-06-22 10:47:18,620 - Loaded System Directive: org.apache.velocity.runtime.directive.Parse
2016-06-22 10:47:18,621 - Loaded System Directive: org.apache.velocity.runtime.directive.Include
2016-06-22 10:47:18,622 - Loaded System Directive: org.apache.velocity.runtime.directive.Foreach
2016-06-22 10:47:18,645 - Created '20' parsers.
2016-06-22 10:47:18,649 - Velocimacro : "velocimacro.library" is not set.  Trying default library: VM_global_library.vm
2016-06-22 10:47:18,650 - Could not load resource 'VM_global_library.vm' from ResourceLoader org.apache.velocity.runtime.resource.loader.ClasspathResourceLoader: ClasspathResourceLoader Error: cannot find resource VM_global_library.vm
2016-06-22 10:47:18,650 - Velocimacro : Default library not found.
2016-06-22 10:47:18,650 - Velocimacro : allowInline = true : VMs can be defined inline in templates
2016-06-22 10:47:18,650 - Velocimacro : allowInlineToOverride = false : VMs defined inline may NOT replace previous VM definitions
2016-06-22 10:47:18,650 - Velocimacro : allowInlineLocal = false : VMs defined inline will be global in scope if allowed.
2016-06-22 10:47:18,650 - Velocimacro : autoload off : VM system will not automatically reload global library macros
2016-06-22 10:47:18,666 - ResourceManager : found templates/AnnotationDatabaseImpl.vm with loader org.apache.velocity.runtime.resource.loader.ClasspathResourceLoader
2016-06-22 10:52:47,646 - Log4JLogChute initialized using file 'velocity.log'
2016-06-22 10:52:47,646 - Initializing Velocity, Calling init()...
2016-06-22 10:52:47,646 - Starting Apache Velocity v1.7 (compiled: 2010-11-19 12:14:37)
2016-06-22 10:52:47,646 - Default Properties File: org\apache\velocity\runtime\defaults\velocity.properties
2016-06-22 10:52:47,646 - Trying to use logger class org.apache.velocity.runtime.log.AvalonLogChute
2016-06-22 10:52:47,646 - Target log system for org.apache.velocity.runtime.log.AvalonLogChute is not available (java.lang.NoClassDefFoundError: org/apache/log/format/Formatter).  Falling back to next log system...
2016-06-22 10:52:47,647 - Trying to use logger class org.apache.velocity.runtime.log.Log4JLogChute
2016-06-22 10:52:47,647 - Using logger class org.apache.velocity.runtime.log.Log4JLogChute
2016-06-22 10:52:47,653 - ResourceLoader instantiated: org.apache.velocity.runtime.resource.loader.ClasspathResourceLoader
2016-06-22 10:52:47,668 - ResourceCache: initialized (class org.apache.velocity.runtime.resource.ResourceCacheImpl) with class java.util.Collections$SynchronizedMap cache map.
2016-06-22 10:52:47,674 - Loaded System Directive: org.apache.velocity.runtime.directive.Stop
2016-06-22 10:52:47,676 - Loaded System Directive: org.apache.velocity.runtime.directive.Define
2016-06-22 10:52:47,678 - Loaded System Directive: org.apache.velocity.runtime.directive.Break
2016-06-22 10:52:47,679 - Loaded System Directive: org.apache.velocity.runtime.directive.Evaluate
2016-06-22 10:52:47,680 - Loaded System Directive: org.apache.velocity.runtime.directive.Literal
2016-06-22 10:52:47,682 - Loaded System Directive: org.apache.velocity.runtime.directive.Macro
2016-06-22 10:52:47,685 - Loaded System Directive: org.apache.velocity.runtime.directive.Parse
2016-06-22 10:52:47,687 - Loaded System Directive: org.apache.velocity.runtime.directive.Include
2016-06-22 10:52:47,690 - Loaded System Directive: org.apache.velocity.runtime.directive.Foreach
2016-06-22 10:52:47,714 - Created '20' parsers.
2016-06-22 10:52:47,718 - Velocimacro : "velocimacro.library" is not set.  Trying default library: VM_global_library.vm
2016-06-22 10:52:47,719 - Could not load resource 'VM_global_library.vm' from ResourceLoader org.apache.velocity.runtime.resource.loader.ClasspathResourceLoader: ClasspathResourceLoader Error: cannot find resource VM_global_library.vm
2016-06-22 10:52:47,719 - Velocimacro : Default library not found.
2016-06-22 10:52:47,719 - Velocimacro : allowInline = true : VMs can be defined inline in templates
2016-06-22 10:52:47,719 - Velocimacro : allowInlineToOverride = false : VMs defined inline may NOT replace previous VM definitions
2016-06-22 10:52:47,719 - Velocimacro : allowInlineLocal = false : VMs defined inline will be global in scope if allowed.
2016-06-22 10:52:47,719 - Velocimacro : autoload off : VM system will not automatically reload global library macros
2016-06-22 10:52:47,742 - ResourceManager : found templates/AnnotationDatabaseImpl.vm with loader org.apache.velocity.runtime.resource.loader.ClasspathResourceLoader
2016-06-22 10:54:26,862 - Log4JLogChute initialized using file 'velocity.log'
2016-06-22 10:54:26,862 - Initializing Velocity, Calling init()...
2016-06-22 10:54:26,862 - Starting Apache Velocity v1.7 (compiled: 2010-11-19 12:14:37)
2016-06-22 10:54:26,862 - Default Properties File: org\apache\velocity\runtime\defaults\velocity.properties
2016-06-22 10:54:26,862 - Trying to use logger class org.apache.velocity.runtime.log.AvalonLogChute
2016-06-22 10:54:26,862 - Target log system for org.apache.velocity.runtime.log.AvalonLogChute is not available (java.lang.NoClassDefFoundError: org/apache/log/format/Formatter).  Falling back to next log system...
2016-06-22 10:54:26,862 - Trying to use logger class org.apache.velocity.runtime.log.Log4JLogChute
2016-06-22 10:54:26,862 - Using logger class org.apache.velocity.runtime.log.Log4JLogChute
2016-06-22 10:54:26,866 - ResourceLoader instantiated: org.apache.velocity.runtime.resource.loader.ClasspathResourceLoader
2016-06-22 10:54:26,875 - ResourceCache: initialized (class org.apache.velocity.runtime.resource.ResourceCacheImpl) with class java.util.Collections$SynchronizedMap cache map.
2016-06-22 10:54:26,876 - Loaded System Directive: org.apache.velocity.runtime.directive.Stop
2016-06-22 10:54:26,877 - Loaded System Directive: org.apache.velocity.runtime.directive.Define
2016-06-22 10:54:26,878 - Loaded System Directive: org.apache.velocity.runtime.directive.Break
2016-06-22 10:54:26,878 - Loaded System Directive: org.apache.velocity.runtime.directive.Evaluate
2016-06-22 10:54:26,879 - Loaded System Directive: org.apache.velocity.runtime.directive.Literal
2016-06-22 10:54:26,880 - Loaded System Directive: org.apache.velocity.runtime.directive.Macro
2016-06-22 10:54:26,881 - Loaded System Directive: org.apache.velocity.runtime.directive.Parse
2016-06-22 10:54:26,882 - Loaded System Directive: org.apache.velocity.runtime.directive.Include
2016-06-22 10:54:26,883 - Loaded System Directive: org.apache.velocity.runtime.directive.Foreach
2016-06-22 10:54:26,905 - Created '20' parsers.
2016-06-22 10:54:26,909 - Velocimacro : "velocimacro.library" is not set.  Trying default library: VM_global_library.vm
2016-06-22 10:54:26,909 - Could not load resource 'VM_global_library.vm' from ResourceLoader org.apache.velocity.runtime.resource.loader.ClasspathResourceLoader: ClasspathResourceLoader Error: cannot find resource VM_global_library.vm
2016-06-22 10:54:26,909 - Velocimacro : Default library not found.
2016-06-22 10:54:26,909 - Velocimacro : allowInline = true : VMs can be defined inline in templates
2016-06-22 10:54:26,909 - Velocimacro : allowInlineToOverride = false : VMs defined inline may NOT replace previous VM definitions
2016-06-22 10:54:26,909 - Velocimacro : allowInlineLocal = false : VMs defined inline will be global in scope if allowed.
2016-06-22 10:54:26,909 - Velocimacro : autoload off : VM system will not automatically reload global library macros
2016-06-22 10:54:26,925 - ResourceManager : found templates/AnnotationDatabaseImpl.vm with loader org.apache.velocity.runtime.resource.loader.ClasspathResourceLoader
2016-06-22 10:57:03,048 - Log4JLogChute initialized using file 'velocity.log'
2016-06-22 10:57:03,048 - Initializing Velocity, Calling init()...
2016-06-22 10:57:03,048 - Starting Apache Velocity v1.7 (compiled: 2010-11-19 12:14:37)
2016-06-22 10:57:03,048 - Default Properties File: org\apache\velocity\runtime\defaults\velocity.properties
2016-06-22 10:57:03,048 - Trying to use logger class org.apache.velocity.runtime.log.AvalonLogChute
2016-06-22 10:57:03,048 - Target log system for org.apache.velocity.runtime.log.AvalonLogChute is not available (java.lang.NoClassDefFoundError: org/apache/log/format/Formatter).  Falling back to next log system...
2016-06-22 10:57:03,048 - Trying to use logger class org.apache.velocity.runtime.log.Log4JLogChute
2016-06-22 10:57:03,048 - Using logger class org.apache.velocity.runtime.log.Log4JLogChute
2016-06-22 10:57:03,051 - ResourceLoader instantiated: org.apache.velocity.runtime.resource.loader.ClasspathResourceLoader
2016-06-22 10:57:03,060 - ResourceCache: initialized (class org.apache.velocity.runtime.resource.ResourceCacheImpl) with class java.util.Collections$SynchronizedMap cache map.
2016-06-22 10:57:03,061 - Loaded System Directive: org.apache.velocity.runtime.directive.Stop
2016-06-22 10:57:03,062 - Loaded System Directive: org.apache.velocity.runtime.directive.Define
2016-06-22 10:57:03,063 - Loaded System Directive: org.apache.velocity.runtime.directive.Break
2016-06-22 10:57:03,063 - Loaded System Directive: org.apache.velocity.runtime.directive.Evaluate
2016-06-22 10:57:03,064 - Loaded System Directive: org.apache.velocity.runtime.directive.Literal
2016-06-22 10:57:03,065 - Loaded System Directive: org.apache.velocity.runtime.directive.Macro
2016-06-22 10:57:03,066 - Loaded System Directive: org.apache.velocity.runtime.directive.Parse
2016-06-22 10:57:03,067 - Loaded System Directive: org.apache.velocity.runtime.directive.Include
2016-06-22 10:57:03,068 - Loaded System Directive: org.apache.velocity.runtime.directive.Foreach
2016-06-22 10:57:03,091 - Created '20' parsers.
2016-06-22 10:57:03,095 - Velocimacro : "velocimacro.library" is not set.  Trying default library: VM_global_library.vm
2016-06-22 10:57:03,096 - Could not load resource 'VM_global_library.vm' from ResourceLoader org.apache.velocity.runtime.resource.loader.ClasspathResourceLoader: ClasspathResourceLoader Error: cannot find resource VM_global_library.vm
2016-06-22 10:57:03,096 - Velocimacro : Default library not found.
2016-06-22 10:57:03,096 - Velocimacro : allowInline = true : VMs can be defined inline in templates
2016-06-22 10:57:03,096 - Velocimacro : allowInlineToOverride = false : VMs defined inline may NOT replace previous VM definitions
2016-06-22 10:57:03,096 - Velocimacro : allowInlineLocal = false : VMs defined inline will be global in scope if allowed.
2016-06-22 10:57:03,096 - Velocimacro : autoload off : VM system will not automatically reload global library macros
2016-06-22 10:57:03,111 - ResourceManager : found templates/AnnotationDatabaseImpl.vm with loader org.apache.velocity.runtime.resource.loader.ClasspathResourceLoader
2016-06-22 10:59:13,768 - Log4JLogChute initialized using file 'velocity.log'
2016-06-22 10:59:13,768 - Initializing Velocity, Calling init()...
2016-06-22 10:59:13,768 - Starting Apache Velocity v1.7 (compiled: 2010-11-19 12:14:37)
2016-06-22 10:59:13,768 - Default Properties File: org\apache\velocity\runtime\defaults\velocity.properties
2016-06-22 10:59:13,768 - Trying to use logger class org.apache.velocity.runtime.log.AvalonLogChute
2016-06-22 10:59:13,768 - Target log system for org.apache.velocity.runtime.log.AvalonLogChute is not available (java.lang.NoClassDefFoundError: org/apache/log/format/Formatter).  Falling back to next log system...
2016-06-22 10:59:13,768 - Trying to use logger class org.apache.velocity.runtime.log.Log4JLogChute
2016-06-22 10:59:13,768 - Using logger class org.apache.velocity.runtime.log.Log4JLogChute
2016-06-22 10:59:13,771 - ResourceLoader instantiated: org.apache.velocity.runtime.resource.loader.ClasspathResourceLoader
2016-06-22 10:59:13,779 - ResourceCache: initialized (class org.apache.velocity.runtime.resource.ResourceCacheImpl) with class java.util.Collections$SynchronizedMap cache map.
2016-06-22 10:59:13,781 - Loaded System Directive: org.apache.velocity.runtime.directive.Stop
2016-06-22 10:59:13,781 - Loaded System Directive: org.apache.velocity.runtime.directive.Define
2016-06-22 10:59:13,782 - Loaded System Directive: org.apache.velocity.runtime.directive.Break
2016-06-22 10:59:13,783 - Loaded System Directive: org.apache.velocity.runtime.directive.Evaluate
2016-06-22 10:59:13,783 - Loaded System Directive: org.apache.velocity.runtime.directive.Literal
2016-06-22 10:59:13,784 - Loaded System Directive: org.apache.velocity.runtime.directive.Macro
2016-06-22 10:59:13,785 - Loaded System Directive: org.apache.velocity.runtime.directive.Parse
2016-06-22 10:59:13,787 - Loaded System Directive: org.apache.velocity.runtime.directive.Include
2016-06-22 10:59:13,787 - Loaded System Directive: org.apache.velocity.runtime.directive.Foreach
2016-06-22 10:59:13,809 - Created '20' parsers.
2016-06-22 10:59:13,814 - Velocimacro : "velocimacro.library" is not set.  Trying default library: VM_global_library.vm
2016-06-22 10:59:13,815 - Could not load resource 'VM_global_library.vm' from ResourceLoader org.apache.velocity.runtime.resource.loader.ClasspathResourceLoader: ClasspathResourceLoader Error: cannot find resource VM_global_library.vm
2016-06-22 10:59:13,815 - Velocimacro : Default library not found.
2016-06-22 10:59:13,815 - Velocimacro : allowInline = true : VMs can be defined inline in templates
2016-06-22 10:59:13,815 - Velocimacro : allowInlineToOverride = false : VMs defined inline may NOT replace previous VM definitions
2016-06-22 10:59:13,815 - Velocimacro : allowInlineLocal = false : VMs defined inline will be global in scope if allowed.
2016-06-22 10:59:13,815 - Velocimacro : autoload off : VM system will not automatically reload global library macros
2016-06-22 10:59:13,832 - ResourceManager : found templates/AnnotationDatabaseImpl.vm with loader org.apache.velocity.runtime.resource.loader.ClasspathResourceLoader
2016-06-22 10:59:52,885 - Log4JLogChute initialized using file 'velocity.log'
2016-06-22 10:59:52,885 - Initializing Velocity, Calling init()...
2016-06-22 10:59:52,885 - Starting Apache Velocity v1.7 (compiled: 2010-11-19 12:14:37)
2016-06-22 10:59:52,885 - Default Properties File: org\apache\velocity\runtime\defaults\velocity.properties
2016-06-22 10:59:52,885 - Trying to use logger class org.apache.velocity.runtime.log.AvalonLogChute
2016-06-22 10:59:52,885 - Target log system for org.apache.velocity.runtime.log.AvalonLogChute is not available (java.lang.NoClassDefFoundError: org/apache/log/format/Formatter).  Falling back to next log system...
2016-06-22 10:59:52,885 - Trying to use logger class org.apache.velocity.runtime.log.Log4JLogChute
2016-06-22 10:59:52,885 - Using logger class org.apache.velocity.runtime.log.Log4JLogChute
2016-06-22 10:59:52,888 - ResourceLoader instantiated: org.apache.velocity.runtime.resource.loader.ClasspathResourceLoader
2016-06-22 10:59:52,897 - ResourceCache: initialized (class org.apache.velocity.runtime.resource.ResourceCacheImpl) with class java.util.Collections$SynchronizedMap cache map.
2016-06-22 10:59:52,898 - Loaded System Directive: org.apache.velocity.runtime.directive.Stop
2016-06-22 10:59:52,899 - Loaded System Directive: org.apache.velocity.runtime.directive.Define
2016-06-22 10:59:52,900 - Loaded System Directive: org.apache.velocity.runtime.directive.Break
2016-06-22 10:59:52,900 - Loaded System Directive: org.apache.velocity.runtime.directive.Evaluate
2016-06-22 10:59:52,901 - Loaded System Directive: org.apache.velocity.runtime.directive.Literal
2016-06-22 10:59:52,902 - Loaded System Directive: org.apache.velocity.runtime.directive.Macro
2016-06-22 10:59:52,903 - Loaded System Directive: org.apache.velocity.runtime.directive.Parse
2016-06-22 10:59:52,904 - Loaded System Directive: org.apache.velocity.runtime.directive.Include
2016-06-22 10:59:52,905 - Loaded System Directive: org.apache.velocity.runtime.directive.Foreach
2016-06-22 10:59:52,928 - Created '20' parsers.
2016-06-22 10:59:52,932 - Velocimacro : "velocimacro.library" is not set.  Trying default library: VM_global_library.vm
2016-06-22 10:59:52,932 - Could not load resource 'VM_global_library.vm' from ResourceLoader org.apache.velocity.runtime.resource.loader.ClasspathResourceLoader: ClasspathResourceLoader Error: cannot find resource VM_global_library.vm
2016-06-22 10:59:52,932 - Velocimacro : Default library not found.
2016-06-22 10:59:52,932 - Velocimacro : allowInline = true : VMs can be defined inline in templates
2016-06-22 10:59:52,932 - Velocimacro : allowInlineToOverride = false : VMs defined inline may NOT replace previous VM definitions
2016-06-22 10:59:52,932 - Velocimacro : allowInlineLocal = false : VMs defined inline will be global in scope if allowed.
2016-06-22 10:59:52,932 - Velocimacro : autoload off : VM system will not automatically reload global library macros
2016-06-22 10:59:52,948 - ResourceManager : found templates/AnnotationDatabaseImpl.vm with loader org.apache.velocity.runtime.resource.loader.ClasspathResourceLoader
2016-06-22 13:35:44,173 - Log4JLogChute initialized using file 'velocity.log'
2016-06-22 13:35:44,173 - Initializing Velocity, Calling init()...
2016-06-22 13:35:44,173 - Starting Apache Velocity v1.7 (compiled: 2010-11-19 12:14:37)
2016-06-22 13:35:44,173 - Default Properties File: org\apache\velocity\runtime\defaults\velocity.properties
2016-06-22 13:35:44,173 - Trying to use logger class org.apache.velocity.runtime.log.AvalonLogChute
2016-06-22 13:35:44,173 - Target log system for org.apache.velocity.runtime.log.AvalonLogChute is not available (java.lang.NoClassDefFoundError: org/apache/log/format/Formatter).  Falling back to next log system...
2016-06-22 13:35:44,173 - Trying to use logger class org.apache.velocity.runtime.log.Log4JLogChute
2016-06-22 13:35:44,173 - Using logger class org.apache.velocity.runtime.log.Log4JLogChute
2016-06-22 13:35:44,176 - ResourceLoader instantiated: org.apache.velocity.runtime.resource.loader.ClasspathResourceLoader
2016-06-22 13:35:44,185 - ResourceCache: initialized (class org.apache.velocity.runtime.resource.ResourceCacheImpl) with class java.util.Collections$SynchronizedMap cache map.
2016-06-22 13:35:44,186 - Loaded System Directive: org.apache.velocity.runtime.directive.Stop
2016-06-22 13:35:44,187 - Loaded System Directive: org.apache.velocity.runtime.directive.Define
2016-06-22 13:35:44,187 - Loaded System Directive: org.apache.velocity.runtime.directive.Break
2016-06-22 13:35:44,188 - Loaded System Directive: org.apache.velocity.runtime.directive.Evaluate
2016-06-22 13:35:44,189 - Loaded System Directive: org.apache.velocity.runtime.directive.Literal
2016-06-22 13:35:44,190 - Loaded System Directive: org.apache.velocity.runtime.directive.Macro
2016-06-22 13:35:44,191 - Loaded System Directive: org.apache.velocity.runtime.directive.Parse
2016-06-22 13:35:44,192 - Loaded System Directive: org.apache.velocity.runtime.directive.Include
2016-06-22 13:35:44,193 - Loaded System Directive: org.apache.velocity.runtime.directive.Foreach
2016-06-22 13:35:44,215 - Created '20' parsers.
2016-06-22 13:35:44,219 - Velocimacro : "velocimacro.library" is not set.  Trying default library: VM_global_library.vm
2016-06-22 13:35:44,219 - Could not load resource 'VM_global_library.vm' from ResourceLoader org.apache.velocity.runtime.resource.loader.ClasspathResourceLoader: ClasspathResourceLoader Error: cannot find resource VM_global_library.vm
2016-06-22 13:35:44,219 - Velocimacro : Default library not found.
2016-06-22 13:35:44,219 - Velocimacro : allowInline = true : VMs can be defined inline in templates
2016-06-22 13:35:44,219 - Velocimacro : allowInlineToOverride = false : VMs defined inline may NOT replace previous VM definitions
2016-06-22 13:35:44,219 - Velocimacro : allowInlineLocal = false : VMs defined inline will be global in scope if allowed.
2016-06-22 13:35:44,219 - Velocimacro : autoload off : VM system will not automatically reload global library macros
2016-06-22 13:35:44,235 - ResourceManager : found templates/AnnotationDatabaseImpl.vm with loader org.apache.velocity.runtime.resource.loader.ClasspathResourceLoader
2016-06-22 13:37:49,885 - Log4JLogChute initialized using file 'velocity.log'
2016-06-22 13:37:49,885 - Initializing Velocity, Calling init()...
2016-06-22 13:37:49,885 - Starting Apache Velocity v1.7 (compiled: 2010-11-19 12:14:37)
2016-06-22 13:37:49,885 - Default Properties File: org\apache\velocity\runtime\defaults\velocity.properties
2016-06-22 13:37:49,885 - Trying to use logger class org.apache.velocity.runtime.log.AvalonLogChute
2016-06-22 13:37:49,885 - Target log system for org.apache.velocity.runtime.log.AvalonLogChute is not available (java.lang.NoClassDefFoundError: org/apache/log/format/Formatter).  Falling back to next log system...
2016-06-22 13:37:49,885 - Trying to use logger class org.apache.velocity.runtime.log.Log4JLogChute
2016-06-22 13:37:49,885 - Using logger class org.apache.velocity.runtime.log.Log4JLogChute
2016-06-22 13:37:49,889 - ResourceLoader instantiated: org.apache.velocity.runtime.resource.loader.ClasspathResourceLoader
2016-06-22 13:37:49,897 - ResourceCache: initialized (class org.apache.velocity.runtime.resource.ResourceCacheImpl) with class java.util.Collections$SynchronizedMap cache map.
2016-06-22 13:37:49,899 - Loaded System Directive: org.apache.velocity.runtime.directive.Stop
2016-06-22 13:37:49,900 - Loaded System Directive: org.apache.velocity.runtime.directive.Define
2016-06-22 13:37:49,900 - Loaded System Directive: org.apache.velocity.runtime.directive.Break
2016-06-22 13:37:49,901 - Loaded System Directive: org.apache.velocity.runtime.directive.Evaluate
2016-06-22 13:37:49,901 - Loaded System Directive: org.apache.velocity.runtime.directive.Literal
2016-06-22 13:37:49,902 - Loaded System Directive: org.apache.velocity.runtime.directive.Macro
2016-06-22 13:37:49,903 - Loaded System Directive: org.apache.velocity.runtime.directive.Parse
2016-06-22 13:37:49,904 - Loaded System Directive: org.apache.velocity.runtime.directive.Include
2016-06-22 13:37:49,905 - Loaded System Directive: org.apache.velocity.runtime.directive.Foreach
2016-06-22 13:37:49,927 - Created '20' parsers.
2016-06-22 13:37:49,931 - Velocimacro : "velocimacro.library" is not set.  Trying default library: VM_global_library.vm
2016-06-22 13:37:49,932 - Could not load resource 'VM_global_library.vm' from ResourceLoader org.apache.velocity.runtime.resource.loader.ClasspathResourceLoader: ClasspathResourceLoader Error: cannot find resource VM_global_library.vm
2016-06-22 13:37:49,932 - Velocimacro : Default library not found.
2016-06-22 13:37:49,932 - Velocimacro : allowInline = true : VMs can be defined inline in templates
2016-06-22 13:37:49,932 - Velocimacro : allowInlineToOverride = false : VMs defined inline may NOT replace previous VM definitions
2016-06-22 13:37:49,932 - Velocimacro : allowInlineLocal = false : VMs defined inline will be global in scope if allowed.
2016-06-22 13:37:49,932 - Velocimacro : autoload off : VM system will not automatically reload global library macros
2016-06-22 13:37:49,949 - ResourceManager : found templates/AnnotationDatabaseImpl.vm with loader org.apache.velocity.runtime.resource.loader.ClasspathResourceLoader
2016-06-22 13:50:30,779 - Log4JLogChute initialized using file 'velocity.log'
2016-06-22 13:50:30,780 - Initializing Velocity, Calling init()...
2016-06-22 13:50:30,780 - Starting Apache Velocity v1.7 (compiled: 2010-11-19 12:14:37)
2016-06-22 13:50:30,780 - Default Properties File: org\apache\velocity\runtime\defaults\velocity.properties
2016-06-22 13:50:30,780 - Trying to use logger class org.apache.velocity.runtime.log.AvalonLogChute
2016-06-22 13:50:30,780 - Target log system for org.apache.velocity.runtime.log.AvalonLogChute is not available (java.lang.NoClassDefFoundError: org/apache/log/format/Formatter).  Falling back to next log system...
2016-06-22 13:50:30,780 - Trying to use logger class org.apache.velocity.runtime.log.Log4JLogChute
2016-06-22 13:50:30,780 - Using logger class org.apache.velocity.runtime.log.Log4JLogChute
2016-06-22 13:50:30,783 - ResourceLoader instantiated: org.apache.velocity.runtime.resource.loader.ClasspathResourceLoader
2016-06-22 13:50:30,791 - ResourceCache: initialized (class org.apache.velocity.runtime.resource.ResourceCacheImpl) with class java.util.Collections$SynchronizedMap cache map.
2016-06-22 13:50:30,792 - Loaded System Directive: org.apache.velocity.runtime.directive.Stop
2016-06-22 13:50:30,793 - Loaded System Directive: org.apache.velocity.runtime.directive.Define
2016-06-22 13:50:30,794 - Loaded System Directive: org.apache.velocity.runtime.directive.Break
2016-06-22 13:50:30,795 - Loaded System Directive: org.apache.velocity.runtime.directive.Evaluate
2016-06-22 13:50:30,795 - Loaded System Directive: org.apache.velocity.runtime.directive.Literal
2016-06-22 13:50:30,796 - Loaded System Directive: org.apache.velocity.runtime.directive.Macro
2016-06-22 13:50:30,797 - Loaded System Directive: org.apache.velocity.runtime.directive.Parse
2016-06-22 13:50:30,798 - Loaded System Directive: org.apache.velocity.runtime.directive.Include
2016-06-22 13:50:30,799 - Loaded System Directive: org.apache.velocity.runtime.directive.Foreach
2016-06-22 13:50:30,821 - Created '20' parsers.
2016-06-22 13:50:30,825 - Velocimacro : "velocimacro.library" is not set.  Trying default library: VM_global_library.vm
2016-06-22 13:50:30,826 - Could not load resource 'VM_global_library.vm' from ResourceLoader org.apache.velocity.runtime.resource.loader.ClasspathResourceLoader: ClasspathResourceLoader Error: cannot find resource VM_global_library.vm
2016-06-22 13:50:30,826 - Velocimacro : Default library not found.
2016-06-22 13:50:30,826 - Velocimacro : allowInline = true : VMs can be defined inline in templates
2016-06-22 13:50:30,826 - Velocimacro : allowInlineToOverride = false : VMs defined inline may NOT replace previous VM definitions
2016-06-22 13:50:30,826 - Velocimacro : allowInlineLocal = false : VMs defined inline will be global in scope if allowed.
2016-06-22 13:50:30,826 - Velocimacro : autoload off : VM system will not automatically reload global library macros
2016-06-22 13:50:30,841 - ResourceManager : found templates/AnnotationDatabaseImpl.vm with loader org.apache.velocity.runtime.resource.loader.ClasspathResourceLoader
2016-06-22 14:06:05,690 - Log4JLogChute initialized using file 'velocity.log'
2016-06-22 14:06:05,691 - Initializing Velocity, Calling init()...
2016-06-22 14:06:05,691 - Starting Apache Velocity v1.7 (compiled: 2010-11-19 12:14:37)
2016-06-22 14:06:05,691 - Default Properties File: org\apache\velocity\runtime\defaults\velocity.properties
2016-06-22 14:06:05,691 - Trying to use logger class org.apache.velocity.runtime.log.AvalonLogChute
2016-06-22 14:06:05,691 - Target log system for org.apache.velocity.runtime.log.AvalonLogChute is not available (java.lang.NoClassDefFoundError: org/apache/log/format/Formatter).  Falling back to next log system...
2016-06-22 14:06:05,691 - Trying to use logger class org.apache.velocity.runtime.log.Log4JLogChute
2016-06-22 14:06:05,691 - Using logger class org.apache.velocity.runtime.log.Log4JLogChute
2016-06-22 14:06:05,694 - ResourceLoader instantiated: org.apache.velocity.runtime.resource.loader.ClasspathResourceLoader
2016-06-22 14:06:05,702 - ResourceCache: initialized (class org.apache.velocity.runtime.resource.ResourceCacheImpl) with class java.util.Collections$SynchronizedMap cache map.
2016-06-22 14:06:05,703 - Loaded System Directive: org.apache.velocity.runtime.directive.Stop
2016-06-22 14:06:05,704 - Loaded System Directive: org.apache.velocity.runtime.directive.Define
2016-06-22 14:06:05,705 - Loaded System Directive: org.apache.velocity.runtime.directive.Break
2016-06-22 14:06:05,706 - Loaded System Directive: org.apache.velocity.runtime.directive.Evaluate
2016-06-22 14:06:05,706 - Loaded System Directive: org.apache.velocity.runtime.directive.Literal
2016-06-22 14:06:05,707 - Loaded System Directive: org.apache.velocity.runtime.directive.Macro
2016-06-22 14:06:05,708 - Loaded System Directive: org.apache.velocity.runtime.directive.Parse
2016-06-22 14:06:05,709 - Loaded System Directive: org.apache.velocity.runtime.directive.Include
2016-06-22 14:06:05,710 - Loaded System Directive: org.apache.velocity.runtime.directive.Foreach
2016-06-22 14:06:05,733 - Created '20' parsers.
2016-06-22 14:06:05,737 - Velocimacro : "velocimacro.library" is not set.  Trying default library: VM_global_library.vm
2016-06-22 14:06:05,737 - Could not load resource 'VM_global_library.vm' from ResourceLoader org.apache.velocity.runtime.resource.loader.ClasspathResourceLoader: ClasspathResourceLoader Error: cannot find resource VM_global_library.vm
2016-06-22 14:06:05,737 - Velocimacro : Default library not found.
2016-06-22 14:06:05,737 - Velocimacro : allowInline = true : VMs can be defined inline in templates
2016-06-22 14:06:05,737 - Velocimacro : allowInlineToOverride = false : VMs defined inline may NOT replace previous VM definitions
2016-06-22 14:06:05,737 - Velocimacro : allowInlineLocal = false : VMs defined inline will be global in scope if allowed.
2016-06-22 14:06:05,737 - Velocimacro : autoload off : VM system will not automatically reload global library macros
2016-06-22 14:06:05,753 - ResourceManager : found templates/AnnotationDatabaseImpl.vm with loader org.apache.velocity.runtime.resource.loader.ClasspathResourceLoader
2016-06-22 14:08:39,425 - Log4JLogChute initialized using file 'velocity.log'
2016-06-22 14:08:39,425 - Initializing Velocity, Calling init()...
2016-06-22 14:08:39,425 - Starting Apache Velocity v1.7 (compiled: 2010-11-19 12:14:37)
2016-06-22 14:08:39,425 - Default Properties File: org\apache\velocity\runtime\defaults\velocity.properties
2016-06-22 14:08:39,425 - Trying to use logger class org.apache.velocity.runtime.log.AvalonLogChute
2016-06-22 14:08:39,425 - Target log system for org.apache.velocity.runtime.log.AvalonLogChute is not available (java.lang.NoClassDefFoundError: org/apache/log/format/Formatter).  Falling back to next log system...
2016-06-22 14:08:39,425 - Trying to use logger class org.apache.velocity.runtime.log.Log4JLogChute
2016-06-22 14:08:39,425 - Using logger class org.apache.velocity.runtime.log.Log4JLogChute
2016-06-22 14:08:39,429 - ResourceLoader instantiated: org.apache.velocity.runtime.resource.loader.ClasspathResourceLoader
2016-06-22 14:08:39,437 - ResourceCache: initialized (class org.apache.velocity.runtime.resource.ResourceCacheImpl) with class java.util.Collections$SynchronizedMap cache map.
2016-06-22 14:08:39,439 - Loaded System Directive: org.apache.velocity.runtime.directive.Stop
2016-06-22 14:08:39,440 - Loaded System Directive: org.apache.velocity.runtime.directive.Define
2016-06-22 14:08:39,440 - Loaded System Directive: org.apache.velocity.runtime.directive.Break
2016-06-22 14:08:39,441 - Loaded System Directive: org.apache.velocity.runtime.directive.Evaluate
2016-06-22 14:08:39,442 - Loaded System Directive: org.apache.velocity.runtime.directive.Literal
2016-06-22 14:08:39,442 - Loaded System Directive: org.apache.velocity.runtime.directive.Macro
2016-06-22 14:08:39,443 - Loaded System Directive: org.apache.velocity.runtime.directive.Parse
2016-06-22 14:08:39,444 - Loaded System Directive: org.apache.velocity.runtime.directive.Include
2016-06-22 14:08:39,445 - Loaded System Directive: org.apache.velocity.runtime.directive.Foreach
2016-06-22 14:08:39,468 - Created '20' parsers.
2016-06-22 14:08:39,472 - Velocimacro : "velocimacro.library" is not set.  Trying default library: VM_global_library.vm
2016-06-22 14:08:39,472 - Could not load resource 'VM_global_library.vm' from ResourceLoader org.apache.velocity.runtime.resource.loader.ClasspathResourceLoader: ClasspathResourceLoader Error: cannot find resource VM_global_library.vm
2016-06-22 14:08:39,472 - Velocimacro : Default library not found.
2016-06-22 14:08:39,472 - Velocimacro : allowInline = true : VMs can be defined inline in templates
2016-06-22 14:08:39,472 - Velocimacro : allowInlineToOverride = false : VMs defined inline may NOT replace previous VM definitions
2016-06-22 14:08:39,472 - Velocimacro : allowInlineLocal = false : VMs defined inline will be global in scope if allowed.
2016-06-22 14:08:39,472 - Velocimacro : autoload off : VM system will not automatically reload global library macros
2016-06-22 14:08:39,488 - ResourceManager : found templates/AnnotationDatabaseImpl.vm with loader org.apache.velocity.runtime.resource.loader.ClasspathResourceLoader
2016-06-22 14:12:50,001 - Log4JLogChute initialized using file 'velocity.log'
2016-06-22 14:12:50,001 - Initializing Velocity, Calling init()...
2016-06-22 14:12:50,001 - Starting Apache Velocity v1.7 (compiled: 2010-11-19 12:14:37)
2016-06-22 14:12:50,001 - Default Properties File: org\apache\velocity\runtime\defaults\velocity.properties
2016-06-22 14:12:50,001 - Trying to use logger class org.apache.velocity.runtime.log.AvalonLogChute
2016-06-22 14:12:50,001 - Target log system for org.apache.velocity.runtime.log.AvalonLogChute is not available (java.lang.NoClassDefFoundError: org/apache/log/format/Formatter).  Falling back to next log system...
2016-06-22 14:12:50,001 - Trying to use logger class org.apache.velocity.runtime.log.Log4JLogChute
2016-06-22 14:12:50,001 - Using logger class org.apache.velocity.runtime.log.Log4JLogChute
2016-06-22 14:12:50,006 - ResourceLoader instantiated: org.apache.velocity.runtime.resource.loader.ClasspathResourceLoader
2016-06-22 14:12:50,016 - ResourceCache: initialized (class org.apache.velocity.runtime.resource.ResourceCacheImpl) with class java.util.Collections$SynchronizedMap cache map.
2016-06-22 14:12:50,071 - Loaded System Directive: org.apache.velocity.runtime.directive.Stop
2016-06-22 14:12:50,073 - Loaded System Directive: org.apache.velocity.runtime.directive.Define
2016-06-22 14:12:50,075 - Loaded System Directive: org.apache.velocity.runtime.directive.Break
2016-06-22 14:12:50,076 - Loaded System Directive: org.apache.velocity.runtime.directive.Evaluate
2016-06-22 14:12:50,077 - Loaded System Directive: org.apache.velocity.runtime.directive.Literal
2016-06-22 14:12:50,078 - Loaded System Directive: org.apache.velocity.runtime.directive.Macro
2016-06-22 14:12:50,079 - Loaded System Directive: org.apache.velocity.runtime.directive.Parse
2016-06-22 14:12:50,081 - Loaded System Directive: org.apache.velocity.runtime.directive.Include
2016-06-22 14:12:50,082 - Loaded System Directive: org.apache.velocity.runtime.directive.Foreach
2016-06-22 14:12:50,113 - Created '20' parsers.
2016-06-22 14:12:50,117 - Velocimacro : "velocimacro.library" is not set.  Trying default library: VM_global_library.vm
2016-06-22 14:12:50,118 - Could not load resource 'VM_global_library.vm' from ResourceLoader org.apache.velocity.runtime.resource.loader.ClasspathResourceLoader: ClasspathResourceLoader Error: cannot find resource VM_global_library.vm
2016-06-22 14:12:50,118 - Velocimacro : Default library not found.
2016-06-22 14:12:50,118 - Velocimacro : allowInline = true : VMs can be defined inline in templates
2016-06-22 14:12:50,118 - Velocimacro : allowInlineToOverride = false : VMs defined inline may NOT replace previous VM definitions
2016-06-22 14:12:50,118 - Velocimacro : allowInlineLocal = false : VMs defined inline will be global in scope if allowed.
2016-06-22 14:12:50,118 - Velocimacro : autoload off : VM system will not automatically reload global library macros
2016-06-22 14:12:50,136 - ResourceManager : found templates/AnnotationDatabaseImpl.vm with loader org.apache.velocity.runtime.resource.loader.ClasspathResourceLoader
